<?xml version="1.0" encoding="UTF-8"?>
<!-- Generated by org.testng.reporters.JUnitReportReporter -->
<testsuite hostname="LAPTOP-UVIF0CV9" failures="0" tests="1" name="Runner.TestRunner" time="0.372" errors="0" timestamp="2023-07-08T17:10:44 IST" skipped="0">
  <testcase classname="Runner.TestRunner" name="runScenario" time="0.372"/>
  <system-out/>
</testsuite> <!-- Runner.TestRunner -->
